0	JMP	LAB0
lcm
1	JMP	LAB1
gcd
2	JMP	LAB2
LAB2
3	INC	0	5
4	LOD	2	3
5	STO	0	3
6	LOD	2	4
7	STO	0	4
LAB3
8	LOD	0	3
9	LOD	0	4
10	NE
11	JPC	LAB4
12	LOD	0	3
13	LOD	0	4
14	GT
15	JPC	LAB5
16	LOD	0	3
17	LOD	0	4
18	SUB
19	STO	0	3
LAB5
20	LOD	0	3
21	LOD	0	4
22	LT
23	JPC	LAB6
24	LOD	0	4
25	LOD	0	3
26	SUB
27	STO	0	4
LAB6
28	JMP	LAB3
LAB4
29	LOD	0	3
30	STO	2	6
======== sym tbl contents line: 13 cp: 3 ==========
name	type	lvl	offst
g	1	2	4
f	1	2	3
gcd	2	1	0
lcm	2	0	0
z2	1	0	7
z1	1	0	6
z	1	0	5
y	1	0	4
x	1	0	3
n	0	0	6
m	0	0	15
---------------------------------------------------
31	RET
LAB1
32	INC	0	3
33	CAL	0	gcd
34	LOD	1	3
35	LOD	1	4
36	MUL
37	LOD	1	6
38	DIV
39	STO	1	7
======== sym tbl contents line: 17 cp: 3 ==========
name	type	lvl	offst
gcd	2	1	0
lcm	2	0	0
z2	1	0	7
z1	1	0	6
z	1	0	5
y	1	0	4
x	1	0	3
n	0	0	6
m	0	0	15
---------------------------------------------------
40	RET
multiply
41	JMP	LAB7
LAB7
42	INC	0	5
43	LOD	1	3
44	STO	0	3
45	LOD	1	4
46	STO	0	4
47	LIT	0	0
48	STO	1	5
LAB8
49	LOD	0	4
50	LIT	0	0
51	GT
52	JPC	LAB9
53	LOD	0	4
54	ODD
55	JPC	LAB10
56	LOD	1	5
57	LOD	0	3
58	ADD
59	STO	1	5
LAB10
60	LIT	0	2
61	LOD	0	3
62	MUL
63	STO	0	3
64	LOD	0	4
65	LIT	0	2
66	DIV
67	STO	0	4
68	JMP	LAB8
LAB9
======== sym tbl contents line: 27 cp: 3 ==========
name	type	lvl	offst
b	1	1	4
a	1	1	3
multiply	2	0	0
lcm	2	0	0
z2	1	0	7
z1	1	0	6
z	1	0	5
y	1	0	4
x	1	0	3
n	0	0	6
m	0	0	15
---------------------------------------------------
69	RET
LAB0
70	INC	0	8
71	LIT	0	15
72	STO	0	3
73	LIT	0	6
74	STO	0	4
75	CAL	0	multiply
76	LIT	0	15
77	STO	0	3
78	LIT	0	6
79	STO	0	4
80	CAL	0	lcm
======== sym tbl contents line: 35 cp: 3 ==========
name	type	lvl	offst
multiply	2	0	0
lcm	2	0	0
z2	1	0	7
z1	1	0	6
z	1	0	5
y	1	0	4
x	1	0	3
n	0	0	6
m	0	0	15
---------------------------------------------------
81	END
 ==== valid syntax ====
===== Binary Code =====
0	7	0	70
1	7	0	32
2	7	0	3
3	6	0	5
4	3	2	3
5	4	0	3
6	3	2	4
7	4	0	4
8	3	0	3
9	3	0	4
10	2	0	9
11	8	0	29
12	3	0	3
13	3	0	4
14	2	0	12
15	8	0	20
16	3	0	3
17	3	0	4
18	2	0	3
19	4	0	3
20	3	0	3
21	3	0	4
22	2	0	10
23	8	0	28
24	3	0	4
25	3	0	3
26	2	0	3
27	4	0	4
28	7	0	8
29	3	0	3
30	4	2	6
31	2	0	0
32	6	0	3
33	5	0	2
34	3	1	3
35	3	1	4
36	2	0	4
37	3	1	6
38	2	0	5
39	4	1	7
40	2	0	0
41	7	0	42
42	6	0	5
43	3	1	3
44	4	0	3
45	3	1	4
46	4	0	4
47	1	0	0
48	4	1	5
49	3	0	4
50	1	0	0
51	2	0	12
52	8	0	69
53	3	0	4
54	2	0	6
55	8	0	60
56	3	1	5
57	3	0	3
58	2	0	2
59	4	1	5
60	1	0	2
61	3	0	3
62	2	0	4
63	4	0	3
64	3	0	4
65	1	0	2
66	2	0	5
67	4	0	4
68	7	0	49
69	2	0	0
70	6	0	8
71	1	0	15
72	4	0	3
73	1	0	6
74	4	0	4
75	5	0	41
76	1	0	15
77	4	0	3
78	1	0	6
79	4	0	4
80	5	0	1
81	2	0	7
------------------------------
=== start PL0 ===
========= Stack =========
stack[0]: 0
stack[1]: 0
stack[2]: 0
stack[3]: 15
stack[4]: 6
stack[5]: 90
stack[6]: 3
stack[7]: 30
